<?xml version="1.0" encoding="UTF-8"?>
<!-- Generated by org.testng.reporters.JUnitReportReporter -->
<testsuite hostname="DESKTOP-GE6RJF5" failures="0" tests="4" name="com.amdocs.pack.TestClass" time="0.062" errors="0" timestamp="18 Aug 2019 10:17:28 GMT" skipped="0">
  <testcase classname="com.amdocs.pack.TestClass" name="div" time="0.042"/>
  <testcase classname="com.amdocs.pack.TestClass" name="sum" time="0.000"/>
  <testcase classname="com.amdocs.pack.TestClass" name="mult" time="0.008"/>
  <testcase classname="com.amdocs.pack.TestClass" name="sub" time="0.012"/>
</testsuite> <!-- com.amdocs.pack.TestClass -->
