<?xml version="1.0" encoding="UTF-8"?>
<!-- Generated by org.testng.reporters.JUnitReportReporter -->
<testsuite hostname="DESKTOP-GE6RJF5" failures="0" tests="4" name="com.amdocs.pack.TestClass2" time="0.004" errors="0" timestamp="18 Aug 2019 12:46:01 GMT" skipped="0">
  <testcase classname="com.amdocs.pack.TestClass2" name="sum" time="0.000"/>
  <testcase classname="com.amdocs.pack.TestClass2" name="sub" time="0.000"/>
  <testcase classname="com.amdocs.pack.TestClass2" name="div" time="0.000"/>
  <testcase classname="com.amdocs.pack.TestClass2" name="mult" time="0.004"/>
</testsuite> <!-- com.amdocs.pack.TestClass2 -->
